
------------------------
Looking for source files
------------------------

Found: fileTraverse.c mytar.c mytar.h tryFirstPart.c

-----------------------
Looking for a Makefile
----------------------

Found: Makefile

--------------------------------
Checking for long lines (no program should have any lines > 80 chars)
(run ~pnico/bin/longlines.pl on your files to check.)
--------------------------------

Line length ok.

Found: Makefile

------------------------------------
Building the application: "make mytar"
------------------------------------

make mytar
make: `mytar' is up to date.

---------------
checking for executable
---------------


------------------------
Running the application 
------------------------


-----------------Application tests-------------------------

Test Results:
   These are the results of trying your mytar against a
small battery of tests that explores

   1) Basic functionality,
   2) Archive Creation,
   3) Archive Listing, and
   4) Archive Extraction.

  This is not remotely complete.  Some items will still
have to be checked by hand.

  This script looks for error messages to appear on stderr
as should be the case for all good unix applications.
------------------------------------------------------------

==============
  General Tests:
     1) no arguments                                 ... (probably) ok.
     2) no C, T, or X                                ... (probably) ok.
     3) f switch with no filename                    ... (probably) ok.
     4) Trying to list a bad tarfile                 ... (probably) ok.
  Creation Tests:
     5) One named file                               ... FAILURE.
     6) One named binary file                        ... FAILURE.
     7) Two Named Files                              ... FAILURE.
     8) Three Named Files, one nonexistent           ... FAILURE.
     9) Directory with children                      ... FAILURE.
    10) Directory with grandchildren                 ... FAILURE.
    11) Deep Tree, all in name                       ... FAILURE.
    12) Deep Tree, moves into prefix                 ... FAILURE.
  Listing Tests:
    13) single text file, non-verbose                ... ok.
    14) single binary file, non-verbose              ... ok.
    15) single text file, verbose                    ... ok.
    16) single binary file, verbose                  ... ok.
    17) Two files in archive, non-verbose            ... ok.
    18) Two files in archive, one named, non-verbose ... ok.
    19) Two files in archive, verbose                ... ok.
    20) Two files in archive, one named              ... ok.
    21) List a deep tree, no prefix                  ... ok.
    22) List a deep tree, no prefix, verbose         ... ok.
    23) List named files, no prefix                  ... ok.
    24) List named files, no prefix, verbose         ... ok.
    25) List a deep tree, prefix                     ... ok.
    26) List a deep tree, prefix, verbose            ... ok.
    27) List a deep tree, named, prefix              ... ok.
    28) List a deep tree, prefix, named, verbose     ... ok.
    29) Named subtree, no prefix                     ... ok.
    30) Named subtree, no prefix, verbose            ... ok.
    31) Shallow Tree w/symlink                       ... ok.
    32) Shallow Tree w/symlink, verbose              ... ok.
    33) Shallow Tree w/different permissions         ... ok.
    34) Shallow Tree w/different permissions, verbose... ok.
  Extraction Tests:
    35) single text file, non-verbose                ... ok.
    36) single binary file, non-verbose              ... ok.
    37) Two files in archive, non-verbose            ... ok.
    38) Two files in archive, one named, non-verbose ... ok.
    39) List a deep tree, no prefix                  ... ok.
    40) List named files, no prefix                  ... ok.
    41) List a deep tree, prefix                     ... ok.
    42) List a deep tree, named, prefix              ... ok.
    43) Named subtree, no prefix                     ... ok.
    44) Shallow Tree w/symlink                       ... ok.
    45) Shallow Tree w/different permissions         ... ok.
==============
Passed 37 out of 45 tests.

(4 out of 4 general/usage tests.)

##########################
# Test details are below #
##########################


==========================================
1) General test: no arguments  ((probably) ok)
==========================================
  --------------------------
  Submitted's stdout:
  --------------------------
  --------------------------
  Submitted's stderr:
    Child process (20262) exited due to signal (Segmentation fault).
  --------------------------

==========================================
2) General test: no C, T, or X  ((probably) ok)
==========================================
  --------------------------
  Submitted's stdout:
  --------------------------
  --------------------------
  Submitted's stderr:
    ./mytar [ctvx] f .tar path
  --------------------------

==========================================
3) General test: f switch with no filename  ((probably) ok)
==========================================
  --------------------------
  Submitted's stdout:
  --------------------------
  --------------------------
  Submitted's stderr:
    bad tar  --------------------------

==========================================
4) General test: Trying to list a bad tarfile  ((probably) ok)
==========================================
  --------------------------
  Submitted's stdout:
  --------------------------
  --------------------------
  Submitted's stderr:
    BAD TAR  --------------------------

==========================================
5) Creation test: One named file  (FAILURE)
==========================================
  --------------------------
  Submitted's archive listing(sorted):
    -r--r--r-- hgtam/domain users 181 2011-02-08 14:49 JustAFile
  --------------------------

==========================================
6) Creation test: One named binary file  (FAILURE)
==========================================
  --------------------------
  Submitted's archive listing(sorted):
    -r--r--r-- hgtam/domain users 128 2011-02-08 14:49 JustABinaryFile
  --------------------------

==========================================
7) Creation test: Two Named Files  (FAILURE)
==========================================
  --------------------------
  Submitted's archive listing(sorted):
    -r--r--r-- hgtam/domain users 128 2011-02-08 14:49 JustABinaryFile
    -r--r--r-- hgtam/domain users 181 2011-02-08 14:49 JustAFile
  --------------------------

==========================================
8) Creation test: Three Named Files, one nonexistent  (FAILURE)
==========================================
  --------------------------
  Submitted's archive listing(sorted):
    -r--r--r-- hgtam/domain users 128 2011-02-08 14:49 JustABinaryFile
    -r--r--r-- hgtam/domain users 181 2011-02-08 14:49 JustAFile
  --------------------------

==========================================
9) Creation test: Directory with children  (FAILURE)
==========================================
  --------------------------
  Submitted's archive listing(sorted):
    dr-xr-xr-x hgtam/domain users 0 2011-02-08 14:49 TreeOneLevel/
    -r--r--r-- hgtam/domain users  16195 2011-02-08 14:49 TreeOneLevel/Moe
    -r--r--r-- hgtam/domain users 250572 2011-02-08 14:49 TreeOneLevel/Larry
    -r--r--r-- hgtam/domain users 354687 2011-02-08 14:49 TreeOneLevel/Curly
  --------------------------

==========================================
10) Creation test: Directory with grandchildren  (FAILURE)
==========================================
  --------------------------
  Submitted's archive listing(sorted):
    dr-xr-xr-x hgtam/domain users 0 2011-02-08 14:49 TreeTwoLevels/
    dr-xr-xr-x hgtam/domain users 0 2011-02-08 14:49 TreeTwoLevels/Paper/
    dr-xr-xr-x hgtam/domain users      0 2011-02-08 14:49 TreeTwoLevels/Rock/
    dr-xr-xr-x hgtam/domain users      0 2011-02-08 14:49 TreeTwoLevels/Scissors/
    -r--r--r-- hgtam/domain users  16195 2011-02-08 14:49 TreeTwoLevels/Paper/Moe
    -r--r--r-- hgtam/domain users  16195 2011-02-08 14:49 TreeTwoLevels/Rock/Moe
    -r--r--r-- hgtam/domain users  16195 2011-02-08 14:49 TreeTwoLevels/Scissors/Moe
    -r--r--r-- hgtam/domain users 250572 2011-02-08 14:49 TreeTwoLevels/Paper/Larry
    -r--r--r-- hgtam/domain users 250572 2011-02-08 14:49 TreeTwoLevels/Rock/Larry
    -r--r--r-- hgtam/domain users 250572 2011-02-08 14:49 TreeTwoLevels/Scissors/Larry
    -r--r--r-- hgtam/domain users 354687 2011-02-08 14:49 TreeTwoLevels/Paper/Curly
    -r--r--r-- hgtam/domain users 354687 2011-02-08 14:49 TreeTwoLevels/Rock/Curly
    -r--r--r-- hgtam/domain users 354687 2011-02-08 14:49 TreeTwoLevels/Scissors/Curly
  --------------------------

==========================================
11) Creation test: Deep Tree, all in name  (FAILURE)
==========================================
  --------------------------
  Submitted's archive listing(sorted):
    dr-xr-xr-x hgtam/domain users 0 2011-02-08 14:49 TreeNoPrefix/
    dr-xr-xr-x hgtam/domain users 0 2011-02-08 14:49 TreeNoPrefix/Deep/
    dr-xr-xr-x hgtam/domain users 0 2011-02-08 14:49 TreeNoPrefix/Deep/Deeper/
    dr-xr-xr-x hgtam/domain users 0 2011-02-08 14:49 TreeNoPrefix/Deep/Deeper/EvenDeeper/
    dr-xr-xr-x hgtam/domain users 0 2011-02-08 14:49 TreeNoPrefix/Deep/Deeper/EvenDeeper/WayFarDown/
    dr-xr-xr-x hgtam/domain users 0 2011-02-08 14:49 TreeNoPrefix/Deep/Deeper/EvenDeeper/WayFarDown/ItsDarkDownHere/
    dr-xr-xr-x hgtam/domain users 0 2011-02-08 14:49 TreeNoPrefix/Deep/Deeper/EvenDeeper/WayFarDown/ItsDarkDownHere/WheresMyFlashlight/
    dr-xr-xr-x hgtam/domain users 0 2011-02-08 14:49 TreeNoPrefix/Deep/Deeper/EvenDeeper/WayFarDown/ItsDarkDownHere/WheresMyFlashlight/ThePlace/
    dr-xr-xr-x hgtam/domain users     0 2011-02-08 14:49 TreeNoPrefix/One/
    dr-xr-xr-x hgtam/domain users     0 2011-02-08 14:49 TreeNoPrefix/One/Five/
    dr-xr-xr-x hgtam/domain users     0 2011-02-08 14:49 TreeNoPrefix/One/Four/
    dr-xr-xr-x hgtam/domain users     0 2011-02-08 14:49 TreeNoPrefix/One/Six/
    dr-xr-xr-x hgtam/domain users     0 2011-02-08 14:49 TreeNoPrefix/Three/
    dr-xr-xr-x hgtam/domain users     0 2011-02-08 14:49 TreeNoPrefix/Three/Five/
    dr-xr-xr-x hgtam/domain users     0 2011-02-08 14:49 TreeNoPrefix/Three/Four/
    dr-xr-xr-x hgtam/domain users     0 2011-02-08 14:49 TreeNoPrefix/Three/Six/
    dr-xr-xr-x hgtam/domain users     0 2011-02-08 14:49 TreeNoPrefix/Two/
    dr-xr-xr-x hgtam/domain users     0 2011-02-08 14:49 TreeNoPrefix/Two/Five/
    dr-xr-xr-x hgtam/domain users     0 2011-02-08 14:49 TreeNoPrefix/Two/Four/
    dr-xr-xr-x hgtam/domain users     0 2011-02-08 14:49 TreeNoPrefix/Two/Six/
    -r--r--r-- hgtam/domain users  1056 2011-02-08 14:49 TreeNoPrefix/Deep/Deeper/EvenDeeper/WayFarDown/FarDownFile-9
    -r--r--r-- hgtam/domain users  1293 2011-02-08 14:49 TreeNoPrefix/Deep/Deeper/EvenDeeper/WayFarDown/FarDownFile-6
    -r--r--r-- hgtam/domain users 13756 2011-02-08 14:49 TreeNoPrefix/Deep/Deeper/EvenDeeper/WayFarDown/FarDownFile-5
    -r--r--r-- hgtam/domain users   140 2011-02-08 14:49 TreeNoPrefix/Deep/Deeper/EvenDeeper/WayFarDown/FarDownFile-4
    -r--r--r-- hgtam/domain users 164 2011-02-08 14:49 TreeNoPrefix/Deep/Deeper/EvenDeeper/WayFarDown/ItsDarkDownHere/WheresMyFlashlight/ThePlace/UnTermtd6
    -r--r--r-- hgtam/domain users  1697 2011-02-08 14:49 TreeNoPrefix/Deep/Deeper/EvenDeeper/WayFarDown/FarDownFile-3
    -r--r--r-- hgtam/domain users 17106 2011-02-08 14:49 TreeNoPrefix/Deep/Deeper/EvenDeeper/WayFarDown/FarDownFile-12
    -r--r--r-- hgtam/domain users 172 2011-02-08 14:49 TreeNoPrefix/Deep/Deeper/EvenDeeper/WayFarDown/ItsDarkDownHere/WheresMyFlashlight/ThePlace/UnTermtd2
    -r--r--r-- hgtam/domain users 179 2011-02-08 14:49 TreeNoPrefix/Deep/Deeper/EvenDeeper/WayFarDown/ItsDarkDownHere/WheresMyFlashlight/ThePlace/UnTermtd5
    -r--r--r-- hgtam/domain users  188 2011-02-08 14:49 TreeNoPrefix/Deep/Deeper/EvenDeeper/WayFarDown/FarDownFile-11
    -r--r--r-- hgtam/domain users  2045 2011-02-08 14:49 TreeNoPrefix/Deep/Deeper/EvenDeeper/WayFarDown/FarDownFile-13
    -r--r--r-- hgtam/domain users  2269 2011-02-08 14:49 TreeNoPrefix/Deep/Deeper/EvenDeeper/WayFarDown/FarDownFile-7
    -r--r--r-- hgtam/domain users 239 2011-02-08 14:49 TreeNoPrefix/Deep/Deeper/EvenDeeper/WayFarDown/ItsDarkDownHere/WheresMyFlashlight/ThePlace/UnTermtd8
    -r--r--r-- hgtam/domain users 254 2011-02-08 14:49 TreeNoPrefix/Deep/Deeper/EvenDeeper/WayFarDown/ItsDarkDownHere/WheresMyFlashlight/ThePlace/UnTermtd0
    -r--r--r-- hgtam/domain users 258 2011-02-08 14:49 TreeNoPrefix/Deep/Deeper/EvenDeeper/WayFarDown/ItsDarkDownHere/WheresMyFlashlight/ThePlace/UnTermtd3
    -r--r--r-- hgtam/domain users 2643 2011-02-08 14:49 TreeNoPrefix/Deep/Deeper/EvenDeeper/WayFarDown/FarDownFile-10
    -r--r--r-- hgtam/domain users 2660 2011-02-08 14:49 TreeNoPrefix/Deep/Deeper/EvenDeeper/WayFarDown/FarDownFile-1
    -r--r--r-- hgtam/domain users 321 2011-02-08 14:49 TreeNoPrefix/Deep/Deeper/EvenDeeper/WayFarDown/ItsDarkDownHere/WheresMyFlashlight/ThePlace/UnTermtd9
    -r--r--r-- hgtam/domain users   336 2011-02-08 14:49 TreeNoPrefix/Deep/Deeper/EvenDeeper/WayFarDown/FarDownFile-15
    -r--r--r-- hgtam/domain users 347 2011-02-08 14:49 TreeNoPrefix/Deep/Deeper/EvenDeeper/WayFarDown/ItsDarkDownHere/WheresMyFlashlight/ThePlace/UnTermtd7
    -r--r--r-- hgtam/domain users  3838 2011-02-08 14:49 TreeNoPrefix/Deep/Deeper/EvenDeeper/WayFarDown/FarDownFile-8
    -r--r--r-- hgtam/domain users 431 2011-02-08 14:49 TreeNoPrefix/Deep/Deeper/EvenDeeper/WayFarDown/ItsDarkDownHere/WheresMyFlashlight/ThePlace/UnTermtd4
    -r--r--r-- hgtam/domain users   506 2011-02-08 14:49 TreeNoPrefix/Deep/Deeper/EvenDeeper/WayFarDown/FarDownFile-2
    -r--r--r-- hgtam/domain users 724 2011-02-08 14:49 TreeNoPrefix/Deep/Deeper/EvenDeeper/WayFarDown/ItsDarkDownHere/WheresMyFlashlight/ThePlace/UnTermtd1
    -r--r--r-- hgtam/domain users   758 2011-02-08 14:49 TreeNoPrefix/Deep/Deeper/EvenDeeper/WayFarDown/FarDownFile-14
  --------------------------

==========================================
12) Creation test: Deep Tree, moves into prefix  (FAILURE)
==========================================
  --------------------------
  Submitted's archive listing(sorted):
    dr-xr-xr-x hgtam/domain users 0 2011-02-08 14:49 TreePrefix/
    dr-xr-xr-x hgtam/domain users 0 2011-02-08 14:49 TreePrefix/Deep/
    dr-xr-xr-x hgtam/domain users 0 2011-02-08 14:49 TreePrefix/Deep/Deeper/
    dr-xr-xr-x hgtam/domain users 0 2011-02-08 14:49 TreePrefix/Deep/Deeper/EvenDeeper/
    dr-xr-xr-x hgtam/domain users 0 2011-02-08 14:49 TreePrefix/Deep/Deeper/EvenDeeper/WayFarDown/
    dr-xr-xr-x hgtam/domain users 0 2011-02-08 14:49 TreePrefix/Deep/Deeper/EvenDeeper/WayFarDown/ItsDarkDownHere/
    dr-xr-xr-x hgtam/domain users 0 2011-02-08 14:49 TreePrefix/Deep/Deeper/EvenDeeper/WayFarDown/ItsDarkDownHere/WheresMyFlashlight/
    dr-xr-xr-x hgtam/domain users 0 2011-02-08 14:49 TreePrefix/Deep/Deeper/EvenDeeper/WayFarDown/ItsDarkDownHere/WheresMyFlashlight/ThePlace/
    dr-xr-xr-x hgtam/domain users 0 2011-02-08 14:49 TreePrefix/Deep/Deeper/EvenDeeper/WayFarDown/ItsDarkDownHere/WheresMyFlashlight/ThePlace/OneMoreLevelToForceItIntoPrefix/
    dr-xr-xr-x hgtam/domain users 0 2011-02-08 14:49 TreePrefix/Deep/Deeper/EvenDeeper/WayFarDown/ItsDarkDownHere/WheresMyFlashlight/ThePlace/OneMoreLevelToForceItIntoPrefix/Box/
    dr-xr-xr-x hgtam/domain users     0 2011-02-08 14:49 TreePrefix/One/
    dr-xr-xr-x hgtam/domain users     0 2011-02-08 14:49 TreePrefix/One/Five/
    dr-xr-xr-x hgtam/domain users     0 2011-02-08 14:49 TreePrefix/One/Four/
    dr-xr-xr-x hgtam/domain users     0 2011-02-08 14:49 TreePrefix/One/Six/
    dr-xr-xr-x hgtam/domain users     0 2011-02-08 14:49 TreePrefix/Three/
    dr-xr-xr-x hgtam/domain users     0 2011-02-08 14:49 TreePrefix/Three/Five/
    dr-xr-xr-x hgtam/domain users     0 2011-02-08 14:49 TreePrefix/Three/Four/
    dr-xr-xr-x hgtam/domain users     0 2011-02-08 14:49 TreePrefix/Three/Six/
    dr-xr-xr-x hgtam/domain users     0 2011-02-08 14:49 TreePrefix/Two/
    dr-xr-xr-x hgtam/domain users     0 2011-02-08 14:49 TreePrefix/Two/Five/
    dr-xr-xr-x hgtam/domain users     0 2011-02-08 14:49 TreePrefix/Two/Four/
    dr-xr-xr-x hgtam/domain users     0 2011-02-08 14:49 TreePrefix/Two/Six/
    -r--r--r-- hgtam/domain users  1056 2011-02-08 14:49 TreePrefix/Deep/Deeper/EvenDeeper/WayFarDown/FarDownFile-9
    -r--r--r-- hgtam/domain users  1293 2011-02-08 14:49 TreePrefix/Deep/Deeper/EvenDeeper/WayFarDown/FarDownFile-6
    -r--r--r-- hgtam/domain users 13756 2011-02-08 14:49 TreePrefix/Deep/Deeper/EvenDeeper/WayFarDown/FarDownFile-5
    -r--r--r-- hgtam/domain users   140 2011-02-08 14:49 TreePrefix/Deep/Deeper/EvenDeeper/WayFarDown/FarDownFile-4
    -r--r--r-- hgtam/domain users 164 2011-02-08 14:49 TreePrefix/Deep/Deeper/EvenDeeper/WayFarDown/ItsDarkDownHere/WheresMyFlashlight/ThePlace/OneMoreLevelToForceItIntoPrefix/Box/Treasure-6
    -r--r--r-- hgtam/domain users  1697 2011-02-08 14:49 TreePrefix/Deep/Deeper/EvenDeeper/WayFarDown/FarDownFile-3
    -r--r--r-- hgtam/domain users 17106 2011-02-08 14:49 TreePrefix/Deep/Deeper/EvenDeeper/WayFarDown/FarDownFile-12
    -r--r--r-- hgtam/domain users 172 2011-02-08 14:49 TreePrefix/Deep/Deeper/EvenDeeper/WayFarDown/ItsDarkDownHere/WheresMyFlashlight/ThePlace/OneMoreLevelToForceItIntoPrefix/Box/Treasure-2
    -r--r--r-- hgtam/domain users 179 2011-02-08 14:49 TreePrefix/Deep/Deeper/EvenDeeper/WayFarDown/ItsDarkDownHere/WheresMyFlashlight/ThePlace/OneMoreLevelToForceItIntoPrefix/Box/Treasure-5
    -r--r--r-- hgtam/domain users  188 2011-02-08 14:49 TreePrefix/Deep/Deeper/EvenDeeper/WayFarDown/FarDownFile-11
    -r--r--r-- hgtam/domain users  2045 2011-02-08 14:49 TreePrefix/Deep/Deeper/EvenDeeper/WayFarDown/FarDownFile-13
    -r--r--r-- hgtam/domain users  2269 2011-02-08 14:49 TreePrefix/Deep/Deeper/EvenDeeper/WayFarDown/FarDownFile-7
    -r--r--r-- hgtam/domain users 239 2011-02-08 14:49 TreePrefix/Deep/Deeper/EvenDeeper/WayFarDown/ItsDarkDownHere/WheresMyFlashlight/ThePlace/OneMoreLevelToForceItIntoPrefix/Box/Treasure-8
    -r--r--r-- hgtam/domain users 254 2011-02-08 14:49 TreePrefix/Deep/Deeper/EvenDeeper/WayFarDown/ItsDarkDownHere/WheresMyFlashlight/ThePlace/OneMoreLevelToForceItIntoPrefix/Box/Treasure-0
    -r--r--r-- hgtam/domain users 258 2011-02-08 14:49 TreePrefix/Deep/Deeper/EvenDeeper/WayFarDown/ItsDarkDownHere/WheresMyFlashlight/ThePlace/OneMoreLevelToForceItIntoPrefix/Box/Treasure-3
    -r--r--r-- hgtam/domain users 2643 2011-02-08 14:49 TreePrefix/Deep/Deeper/EvenDeeper/WayFarDown/FarDownFile-10
    -r--r--r-- hgtam/domain users 2660 2011-02-08 14:49 TreePrefix/Deep/Deeper/EvenDeeper/WayFarDown/FarDownFile-1
    -r--r--r-- hgtam/domain users 321 2011-02-08 14:49 TreePrefix/Deep/Deeper/EvenDeeper/WayFarDown/ItsDarkDownHere/WheresMyFlashlight/ThePlace/OneMoreLevelToForceItIntoPrefix/Box/Treasure-9
    -r--r--r-- hgtam/domain users   336 2011-02-08 14:49 TreePrefix/Deep/Deeper/EvenDeeper/WayFarDown/FarDownFile-15
    -r--r--r-- hgtam/domain users 347 2011-02-08 14:49 TreePrefix/Deep/Deeper/EvenDeeper/WayFarDown/ItsDarkDownHere/WheresMyFlashlight/ThePlace/OneMoreLevelToForceItIntoPrefix/Box/Treasure-7
    -r--r--r-- hgtam/domain users  3838 2011-02-08 14:49 TreePrefix/Deep/Deeper/EvenDeeper/WayFarDown/FarDownFile-8
    -r--r--r-- hgtam/domain users 431 2011-02-08 14:49 TreePrefix/Deep/Deeper/EvenDeeper/WayFarDown/ItsDarkDownHere/WheresMyFlashlight/ThePlace/OneMoreLevelToForceItIntoPrefix/Box/Treasure-4
    -r--r--r-- hgtam/domain users   506 2011-02-08 14:49 TreePrefix/Deep/Deeper/EvenDeeper/WayFarDown/FarDownFile-2
    -r--r--r-- hgtam/domain users 724 2011-02-08 14:49 TreePrefix/Deep/Deeper/EvenDeeper/WayFarDown/ItsDarkDownHere/WheresMyFlashlight/ThePlace/OneMoreLevelToForceItIntoPrefix/Box/Treasure-1
    -r--r--r-- hgtam/domain users   758 2011-02-08 14:49 TreePrefix/Deep/Deeper/EvenDeeper/WayFarDown/FarDownFile-14
  --------------------------

==========================================
13) Listing test: single text file, non-verbose  (ok)
==========================================
  --------------------------
  Submitted's stdout:
    JustAFile
  --------------------------
  --------------------------
  Submitted's stderr:
  --------------------------

==========================================
14) Listing test: single binary file, non-verbose  (ok)
==========================================
  --------------------------
  Submitted's stdout:
    JustABinaryFile
  --------------------------
  --------------------------
  Submitted's stderr:
  --------------------------

==========================================
15) Listing test: single text file, verbose  (ok)
==========================================
  --------------------------
  Submitted's stdout:
    -rw------- pnico/pnico            181 2010-12-09 18:46 JustAFile
  --------------------------
  --------------------------
  Submitted's stderr:
  --------------------------

==========================================
16) Listing test: single binary file, verbose  (ok)
==========================================
  --------------------------
  Submitted's stdout:
    -rw------- pnico/pnico            128 2010-12-10 06:06 JustABinaryFile
  --------------------------
  --------------------------
  Submitted's stderr:
  --------------------------

==========================================
17) Listing test: Two files in archive, non-verbose  (ok)
==========================================
  --------------------------
  Submitted's stdout:
    JustAFile
    JustAnotherFile
  --------------------------
  --------------------------
  Submitted's stderr:
  --------------------------

==========================================
18) Listing test: Two files in archive, one named, non-verbose  (ok)
==========================================
  --------------------------
  Submitted's stdout:
    JustAnotherFile
  --------------------------
  --------------------------
  Submitted's stderr:
  --------------------------

==========================================
19) Listing test: Two files in archive, verbose  (ok)
==========================================
  --------------------------
  Submitted's stdout:
    -rw--w--w- pnico/pnico            181 2010-12-09 18:46 JustAFile
    -rw------- pnico/pnico         283455 2010-12-10 09:24 JustAnotherFile
  --------------------------
  --------------------------
  Submitted's stderr:
  --------------------------

==========================================
20) Listing test: Two files in archive, one named  (ok)
==========================================
  --------------------------
  Submitted's stdout:
    -rw------- pnico/pnico          2834552010-12-10 09:24JustAnotherFile
  --------------------------
  --------------------------
  Submitted's stderr:
  --------------------------

==========================================
21) Listing test: List a deep tree, no prefix  (ok)
==========================================
  --------------------------
  Submitted's stdout:
    TreeNoPrefix/
    TreeNoPrefix/Two/
    TreeNoPrefix/Two/Five/
    TreeNoPrefix/Two/Four/
    TreeNoPrefix/Two/Six/
    TreeNoPrefix/One/
    TreeNoPrefix/One/Five/
    TreeNoPrefix/One/Four/
    TreeNoPrefix/One/Six/
    TreeNoPrefix/Three/
    TreeNoPrefix/Three/Five/
    TreeNoPrefix/Three/Four/
    TreeNoPrefix/Three/Six/
    TreeNoPrefix/Deep/
    TreeNoPrefix/Deep/Deeper/
    TreeNoPrefix/Deep/Deeper/EvenDeeper/
    TreeNoPrefix/Deep/Deeper/EvenDeeper/WayFarDown/
    TreeNoPrefix/Deep/Deeper/EvenDeeper/WayFarDown/FarDownFile-2
    TreeNoPrefix/Deep/Deeper/EvenDeeper/WayFarDown/FarDownFile-12
    TreeNoPrefix/Deep/Deeper/EvenDeeper/WayFarDown/FarDownFile-9
    TreeNoPrefix/Deep/Deeper/EvenDeeper/WayFarDown/FarDownFile-10
    TreeNoPrefix/Deep/Deeper/EvenDeeper/WayFarDown/FarDownFile-14
    TreeNoPrefix/Deep/Deeper/EvenDeeper/WayFarDown/FarDownFile-8
    TreeNoPrefix/Deep/Deeper/EvenDeeper/WayFarDown/FarDownFile-11
    TreeNoPrefix/Deep/Deeper/EvenDeeper/WayFarDown/FarDownFile-5
    TreeNoPrefix/Deep/Deeper/EvenDeeper/WayFarDown/FarDownFile-1
    TreeNoPrefix/Deep/Deeper/EvenDeeper/WayFarDown/FarDownFile-4
    TreeNoPrefix/Deep/Deeper/EvenDeeper/WayFarDown/FarDownFile-13
    TreeNoPrefix/Deep/Deeper/EvenDeeper/WayFarDown/FarDownFile-15
    TreeNoPrefix/Deep/Deeper/EvenDeeper/WayFarDown/FarDownFile-3
    TreeNoPrefix/Deep/Deeper/EvenDeeper/WayFarDown/FarDownFile-6
    TreeNoPrefix/Deep/Deeper/EvenDeeper/WayFarDown/FarDownFile-7
    TreeNoPrefix/Deep/Deeper/EvenDeeper/WayFarDown/ItsDarkDownHere/
    TreeNoPrefix/Deep/Deeper/EvenDeeper/WayFarDown/ItsDarkDownHere/WheresMyFlashlight/
    TreeNoPrefix/Deep/Deeper/EvenDeeper/WayFarDown/ItsDarkDownHere/WheresMyFlashlight/ThePlace/
    TreeNoPrefix/Deep/Deeper/EvenDeeper/WayFarDown/ItsDarkDownHere/WheresMyFlashlight/ThePlace/UnTermtd5
    TreeNoPrefix/Deep/Deeper/EvenDeeper/WayFarDown/ItsDarkDownHere/WheresMyFlashlight/ThePlace/UnTermtd9
    TreeNoPrefix/Deep/Deeper/EvenDeeper/WayFarDown/ItsDarkDownHere/WheresMyFlashlight/ThePlace/UnTermtd4
    TreeNoPrefix/Deep/Deeper/EvenDeeper/WayFarDown/ItsDarkDownHere/WheresMyFlashlight/ThePlace/UnTermtd2
    TreeNoPrefix/Deep/Deeper/EvenDeeper/WayFarDown/ItsDarkDownHere/WheresMyFlashlight/ThePlace/UnTermtd3
    TreeNoPrefix/Deep/Deeper/EvenDeeper/WayFarDown/ItsDarkDownHere/WheresMyFlashlight/ThePlace/UnTermtd8
    TreeNoPrefix/Deep/Deeper/EvenDeeper/WayFarDown/ItsDarkDownHere/WheresMyFlashlight/ThePlace/UnTermtd6
    TreeNoPrefix/Deep/Deeper/EvenDeeper/WayFarDown/ItsDarkDownHere/WheresMyFlashlight/ThePlace/UnTermtd0
    TreeNoPrefix/Deep/Deeper/EvenDeeper/WayFarDown/ItsDarkDownHere/WheresMyFlashlight/ThePlace/UnTermtd7
    TreeNoPrefix/Deep/Deeper/EvenDeeper/WayFarDown/ItsDarkDownHere/WheresMyFlashlight/ThePlace/UnTermtd1
  --------------------------
  --------------------------
  Submitted's stderr:
  --------------------------

==========================================
22) Listing test: List a deep tree, no prefix, verbose  (ok)
==========================================
  --------------------------
  Submitted's stdout:
    drwx------ pnico/pnico              0 2010-12-10 08:36 TreeNoPrefix/
    drwx------ pnico/pnico              0 2010-12-10 08:28 TreeNoPrefix/Two/
    drwx------ pnico/pnico              0 2010-12-10 08:28 TreeNoPrefix/Two/Five/
    drwx------ pnico/pnico              0 2010-12-10 08:28 TreeNoPrefix/Two/Four/
    drwx------ pnico/pnico              0 2010-12-10 08:28 TreeNoPrefix/Two/Six/
    drwx------ pnico/pnico              0 2010-12-10 08:28 TreeNoPrefix/One/
    drwx------ pnico/pnico              0 2010-12-10 08:28 TreeNoPrefix/One/Five/
    drwx------ pnico/pnico              0 2010-12-10 08:28 TreeNoPrefix/One/Four/
    drwx------ pnico/pnico              0 2010-12-10 08:28 TreeNoPrefix/One/Six/
    drwx------ pnico/pnico              0 2010-12-10 08:28 TreeNoPrefix/Three/
    drwx------ pnico/pnico              0 2010-12-10 08:28 TreeNoPrefix/Three/Five/
    drwx------ pnico/pnico              0 2010-12-10 08:28 TreeNoPrefix/Three/Four/
    drwx------ pnico/pnico              0 2010-12-10 08:28 TreeNoPrefix/Three/Six/
    drwx------ pnico/pnico              0 2010-12-10 08:29 TreeNoPrefix/Deep/
    drwx------ pnico/pnico              0 2010-12-10 08:29 TreeNoPrefix/Deep/Deeper/
    drwx------ pnico/pnico              0 2010-12-10 08:29 TreeNoPrefix/Deep/Deeper/EvenDeeper/
    drwx------ pnico/pnico              0 2010-12-10 08:33 TreeNoPrefix/Deep/Deeper/EvenDeeper/WayFarDown/
    -r-------- pnico/pnico            506 2010-12-10 08:33 TreeNoPrefix/Deep/Deeper/EvenDeeper/WayFarDown/FarDownFile-2
    -rw------- pnico/pnico          17106 2010-12-10 08:33 TreeNoPrefix/Deep/Deeper/EvenDeeper/WayFarDown/FarDownFile-12
    -rw------- pnico/pnico           1056 2010-12-10 08:33 TreeNoPrefix/Deep/Deeper/EvenDeeper/WayFarDown/FarDownFile-9
    -r-------- pnico/pnico           2643 2010-12-10 08:33 TreeNoPrefix/Deep/Deeper/EvenDeeper/WayFarDown/FarDownFile-10
    -rw------- pnico/pnico            758 2010-12-10 08:33 TreeNoPrefix/Deep/Deeper/EvenDeeper/WayFarDown/FarDownFile-14
    -rw------- pnico/pnico           3838 2010-12-10 08:33 TreeNoPrefix/Deep/Deeper/EvenDeeper/WayFarDown/FarDownFile-8
    -r-------- pnico/pnico            188 2010-12-10 08:33 TreeNoPrefix/Deep/Deeper/EvenDeeper/WayFarDown/FarDownFile-11
    -rw------- pnico/pnico          13756 2010-12-10 08:33 TreeNoPrefix/Deep/Deeper/EvenDeeper/WayFarDown/FarDownFile-5
    -r-------- pnico/pnico           2660 2010-12-10 08:33 TreeNoPrefix/Deep/Deeper/EvenDeeper/WayFarDown/FarDownFile-1
    -r-------- pnico/pnico            140 2010-12-10 08:33 TreeNoPrefix/Deep/Deeper/EvenDeeper/WayFarDown/FarDownFile-4
    -rw------- pnico/pnico           2045 2010-12-10 08:33 TreeNoPrefix/Deep/Deeper/EvenDeeper/WayFarDown/FarDownFile-13
    -r-------- pnico/pnico            336 2010-12-10 08:33 TreeNoPrefix/Deep/Deeper/EvenDeeper/WayFarDown/FarDownFile-15
    -rw------- pnico/pnico           1697 2010-12-10 08:33 TreeNoPrefix/Deep/Deeper/EvenDeeper/WayFarDown/FarDownFile-3
    -rw------- pnico/pnico           1293 2010-12-10 08:33 TreeNoPrefix/Deep/Deeper/EvenDeeper/WayFarDown/FarDownFile-6
    -rw------- pnico/pnico           2269 2010-12-10 08:33 TreeNoPrefix/Deep/Deeper/EvenDeeper/WayFarDown/FarDownFile-7
    drwx------ pnico/pnico              0 2010-12-10 08:29 TreeNoPrefix/Deep/Deeper/EvenDeeper/WayFarDown/ItsDarkDownHere/
    drwx------ pnico/pnico              0 2010-12-10 08:29 TreeNoPrefix/Deep/Deeper/EvenDeeper/WayFarDown/ItsDarkDownHere/WheresMyFlashlight/
    drwx------ pnico/pnico              0 2010-12-10 11:17 TreeNoPrefix/Deep/Deeper/EvenDeeper/WayFarDown/ItsDarkDownHere/WheresMyFlashlight/ThePlace/
    -rw------- pnico/pnico            179 2010-12-10 08:31 TreeNoPrefix/Deep/Deeper/EvenDeeper/WayFarDown/ItsDarkDownHere/WheresMyFlashlight/ThePlace/UnTermtd5
    -rw------- pnico/pnico            321 2010-12-10 08:31 TreeNoPrefix/Deep/Deeper/EvenDeeper/WayFarDown/ItsDarkDownHere/WheresMyFlashlight/ThePlace/UnTermtd9
    -rw------- pnico/pnico            431 2010-12-10 08:31 TreeNoPrefix/Deep/Deeper/EvenDeeper/WayFarDown/ItsDarkDownHere/WheresMyFlashlight/ThePlace/UnTermtd4
    -rw------- pnico/pnico            172 2010-12-10 08:31 TreeNoPrefix/Deep/Deeper/EvenDeeper/WayFarDown/ItsDarkDownHere/WheresMyFlashlight/ThePlace/UnTermtd2
    -rw------- pnico/pnico            258 2010-12-10 08:31 TreeNoPrefix/Deep/Deeper/EvenDeeper/WayFarDown/ItsDarkDownHere/WheresMyFlashlight/ThePlace/UnTermtd3
    -rw------- pnico/pnico            239 2010-12-10 08:31 TreeNoPrefix/Deep/Deeper/EvenDeeper/WayFarDown/ItsDarkDownHere/WheresMyFlashlight/ThePlace/UnTermtd8
    -rw------- pnico/pnico            164 2010-12-10 08:31 TreeNoPrefix/Deep/Deeper/EvenDeeper/WayFarDown/ItsDarkDownHere/WheresMyFlashlight/ThePlace/UnTermtd6
    -rw------- pnico/pnico            254 2010-12-10 08:31 TreeNoPrefix/Deep/Deeper/EvenDeeper/WayFarDown/ItsDarkDownHere/WheresMyFlashlight/ThePlace/UnTermtd0
    -rw------- pnico/pnico            347 2010-12-10 08:31 TreeNoPrefix/Deep/Deeper/EvenDeeper/WayFarDown/ItsDarkDownHere/WheresMyFlashlight/ThePlace/UnTermtd7
    -rw------- pnico/pnico            724 2010-12-10 08:31 TreeNoPrefix/Deep/Deeper/EvenDeeper/WayFarDown/ItsDarkDownHere/WheresMyFlashlight/ThePlace/UnTermtd1
  --------------------------
  --------------------------
  Submitted's stderr:
  --------------------------

==========================================
23) Listing test: List named files, no prefix  (ok)
==========================================
  --------------------------
  Submitted's stdout:
    TreeNoPrefix/Deep/Deeper/EvenDeeper/WayFarDown/FarDownFile-13
    TreeNoPrefix/Deep/Deeper/EvenDeeper/WayFarDown/FarDownFile-6
  --------------------------
  --------------------------
  Submitted's stderr:
  --------------------------

==========================================
24) Listing test: List named files, no prefix, verbose  (ok)
==========================================
  --------------------------
  Submitted's stdout:
    -rw------- pnico/pnico            20452010-12-10 08:33TreeNoPrefix/Deep/Deeper/EvenDeeper/WayFarDown/FarDownFile-13
    -rw------- pnico/pnico            12932010-12-10 08:33TreeNoPrefix/Deep/Deeper/EvenDeeper/WayFarDown/FarDownFile-6
  --------------------------
  --------------------------
  Submitted's stderr:
  --------------------------

==========================================
25) Listing test: List a deep tree, prefix  (ok)
==========================================
  --------------------------
  Submitted's stdout:
    TreePrefix/
    TreePrefix/Two/
    TreePrefix/Two/Five/
    TreePrefix/Two/Four/
    TreePrefix/Two/Six/
    TreePrefix/One/
    TreePrefix/One/Five/
    TreePrefix/One/Four/
    TreePrefix/One/Six/
    TreePrefix/Three/
    TreePrefix/Three/Five/
    TreePrefix/Three/Four/
    TreePrefix/Three/Six/
    TreePrefix/Deep/
    TreePrefix/Deep/Deeper/
    TreePrefix/Deep/Deeper/EvenDeeper/
    TreePrefix/Deep/Deeper/EvenDeeper/WayFarDown/
    TreePrefix/Deep/Deeper/EvenDeeper/WayFarDown/FarDownFile-2
    TreePrefix/Deep/Deeper/EvenDeeper/WayFarDown/FarDownFile-12
    TreePrefix/Deep/Deeper/EvenDeeper/WayFarDown/FarDownFile-9
    TreePrefix/Deep/Deeper/EvenDeeper/WayFarDown/FarDownFile-10
    TreePrefix/Deep/Deeper/EvenDeeper/WayFarDown/FarDownFile-14
    TreePrefix/Deep/Deeper/EvenDeeper/WayFarDown/FarDownFile-8
    TreePrefix/Deep/Deeper/EvenDeeper/WayFarDown/FarDownFile-11
    TreePrefix/Deep/Deeper/EvenDeeper/WayFarDown/FarDownFile-5
    TreePrefix/Deep/Deeper/EvenDeeper/WayFarDown/FarDownFile-1
    TreePrefix/Deep/Deeper/EvenDeeper/WayFarDown/FarDownFile-4
    TreePrefix/Deep/Deeper/EvenDeeper/WayFarDown/FarDownFile-13
    TreePrefix/Deep/Deeper/EvenDeeper/WayFarDown/FarDownFile-15
    TreePrefix/Deep/Deeper/EvenDeeper/WayFarDown/FarDownFile-3
    TreePrefix/Deep/Deeper/EvenDeeper/WayFarDown/FarDownFile-6
    TreePrefix/Deep/Deeper/EvenDeeper/WayFarDown/FarDownFile-7
    TreePrefix/Deep/Deeper/EvenDeeper/WayFarDown/ItsDarkDownHere/
    TreePrefix/Deep/Deeper/EvenDeeper/WayFarDown/ItsDarkDownHere/WheresMyFlashlight/
    TreePrefix/Deep/Deeper/EvenDeeper/WayFarDown/ItsDarkDownHere/WheresMyFlashlight/ThePlace/
    TreePrefix/Deep/Deeper/EvenDeeper/WayFarDown/ItsDarkDownHere/WheresMyFlashlight/ThePlace/OneMoreLevelToForceItIntoPrefix/
    TreePrefix/Deep/Deeper/EvenDeeper/WayFarDown/ItsDarkDownHere/WheresMyFlashlight/ThePlace/OneMoreLevelToForceItIntoPrefix/Box/
    TreePrefix/Deep/Deeper/EvenDeeper/WayFarDown/ItsDarkDownHere/WheresMyFlashlight/ThePlace/OneMoreLevelToForceItIntoPrefix/Box/Treasure-3
    TreePrefix/Deep/Deeper/EvenDeeper/WayFarDown/ItsDarkDownHere/WheresMyFlashlight/ThePlace/OneMoreLevelToForceItIntoPrefix/Box/Treasure-7
    TreePrefix/Deep/Deeper/EvenDeeper/WayFarDown/ItsDarkDownHere/WheresMyFlashlight/ThePlace/OneMoreLevelToForceItIntoPrefix/Box/Treasure-2
    TreePrefix/Deep/Deeper/EvenDeeper/WayFarDown/ItsDarkDownHere/WheresMyFlashlight/ThePlace/OneMoreLevelToForceItIntoPrefix/Box/Treasure-9
    TreePrefix/Deep/Deeper/EvenDeeper/WayFarDown/ItsDarkDownHere/WheresMyFlashlight/ThePlace/OneMoreLevelToForceItIntoPrefix/Box/Treasure-4
    TreePrefix/Deep/Deeper/EvenDeeper/WayFarDown/ItsDarkDownHere/WheresMyFlashlight/ThePlace/OneMoreLevelToForceItIntoPrefix/Box/Treasure-8
    TreePrefix/Deep/Deeper/EvenDeeper/WayFarDown/ItsDarkDownHere/WheresMyFlashlight/ThePlace/OneMoreLevelToForceItIntoPrefix/Box/Treasure-0
    TreePrefix/Deep/Deeper/EvenDeeper/WayFarDown/ItsDarkDownHere/WheresMyFlashlight/ThePlace/OneMoreLevelToForceItIntoPrefix/Box/Treasure-1
    TreePrefix/Deep/Deeper/EvenDeeper/WayFarDown/ItsDarkDownHere/WheresMyFlashlight/ThePlace/OneMoreLevelToForceItIntoPrefix/Box/Treasure-5
    TreePrefix/Deep/Deeper/EvenDeeper/WayFarDown/ItsDarkDownHere/WheresMyFlashlight/ThePlace/OneMoreLevelToForceItIntoPrefix/Box/Treasure-6
  --------------------------
  --------------------------
  Submitted's stderr:
  --------------------------

==========================================
26) Listing test: List a deep tree, prefix, verbose  (ok)
==========================================
  --------------------------
  Submitted's stdout:
    drwx------ pnico/pnico              0 2010-12-10 08:38 TreePrefix/
    drwx------ pnico/pnico              0 2010-12-10 08:38 TreePrefix/Two/
    drwx------ pnico/pnico              0 2010-12-10 08:38 TreePrefix/Two/Five/
    drwx------ pnico/pnico              0 2010-12-10 08:38 TreePrefix/Two/Four/
    drwx------ pnico/pnico              0 2010-12-10 08:38 TreePrefix/Two/Six/
    drwx------ pnico/pnico              0 2010-12-10 08:38 TreePrefix/One/
    drwx------ pnico/pnico              0 2010-12-10 08:38 TreePrefix/One/Five/
    drwx------ pnico/pnico              0 2010-12-10 08:38 TreePrefix/One/Four/
    drwx------ pnico/pnico              0 2010-12-10 08:38 TreePrefix/One/Six/
    drwx------ pnico/pnico              0 2010-12-10 08:38 TreePrefix/Three/
    drwx------ pnico/pnico              0 2010-12-10 08:38 TreePrefix/Three/Five/
    drwx------ pnico/pnico              0 2010-12-10 08:38 TreePrefix/Three/Four/
    drwx------ pnico/pnico              0 2010-12-10 08:38 TreePrefix/Three/Six/
    drwx------ pnico/pnico              0 2010-12-10 08:37 TreePrefix/Deep/
    drwx------ pnico/pnico              0 2010-12-10 08:37 TreePrefix/Deep/Deeper/
    drwx------ pnico/pnico              0 2010-12-10 08:37 TreePrefix/Deep/Deeper/EvenDeeper/
    drwx------ pnico/pnico              0 2010-12-10 08:37 TreePrefix/Deep/Deeper/EvenDeeper/WayFarDown/
    -r-------- pnico/pnico            506 2010-12-10 08:37 TreePrefix/Deep/Deeper/EvenDeeper/WayFarDown/FarDownFile-2
    -rw------- pnico/pnico          17106 2010-12-10 08:37 TreePrefix/Deep/Deeper/EvenDeeper/WayFarDown/FarDownFile-12
    -rw------- pnico/pnico           1056 2010-12-10 08:37 TreePrefix/Deep/Deeper/EvenDeeper/WayFarDown/FarDownFile-9
    -r-------- pnico/pnico           2643 2010-12-10 08:37 TreePrefix/Deep/Deeper/EvenDeeper/WayFarDown/FarDownFile-10
    -rw------- pnico/pnico            758 2010-12-10 08:37 TreePrefix/Deep/Deeper/EvenDeeper/WayFarDown/FarDownFile-14
    -rw------- pnico/pnico           3838 2010-12-10 08:37 TreePrefix/Deep/Deeper/EvenDeeper/WayFarDown/FarDownFile-8
    -r-------- pnico/pnico            188 2010-12-10 08:37 TreePrefix/Deep/Deeper/EvenDeeper/WayFarDown/FarDownFile-11
    -rw------- pnico/pnico          13756 2010-12-10 08:37 TreePrefix/Deep/Deeper/EvenDeeper/WayFarDown/FarDownFile-5
    -r-------- pnico/pnico           2660 2010-12-10 08:37 TreePrefix/Deep/Deeper/EvenDeeper/WayFarDown/FarDownFile-1
    -r-------- pnico/pnico            140 2010-12-10 08:37 TreePrefix/Deep/Deeper/EvenDeeper/WayFarDown/FarDownFile-4
    -rw------- pnico/pnico           2045 2010-12-10 08:37 TreePrefix/Deep/Deeper/EvenDeeper/WayFarDown/FarDownFile-13
    -r-------- pnico/pnico            336 2010-12-10 08:37 TreePrefix/Deep/Deeper/EvenDeeper/WayFarDown/FarDownFile-15
    -rw------- pnico/pnico           1697 2010-12-10 08:37 TreePrefix/Deep/Deeper/EvenDeeper/WayFarDown/FarDownFile-3
    -rw------- pnico/pnico           1293 2010-12-10 08:37 TreePrefix/Deep/Deeper/EvenDeeper/WayFarDown/FarDownFile-6
    -rw------- pnico/pnico           2269 2010-12-10 08:37 TreePrefix/Deep/Deeper/EvenDeeper/WayFarDown/FarDownFile-7
    drwx------ pnico/pnico              0 2010-12-10 08:37 TreePrefix/Deep/Deeper/EvenDeeper/WayFarDown/ItsDarkDownHere/
    drwx------ pnico/pnico              0 2010-12-10 08:37 TreePrefix/Deep/Deeper/EvenDeeper/WayFarDown/ItsDarkDownHere/WheresMyFlashlight/
    drwx------ pnico/pnico              0 2010-12-10 08:37 TreePrefix/Deep/Deeper/EvenDeeper/WayFarDown/ItsDarkDownHere/WheresMyFlashlight/ThePlace/
    drwx------ pnico/pnico              0 2010-12-10 08:37 TreePrefix/Deep/Deeper/EvenDeeper/WayFarDown/ItsDarkDownHere/WheresMyFlashlight/ThePlace/OneMoreLevelToForceItIntoPrefix/
    drwx------ pnico/pnico              0 2010-12-10 08:37 TreePrefix/Deep/Deeper/EvenDeeper/WayFarDown/ItsDarkDownHere/WheresMyFlashlight/ThePlace/OneMoreLevelToForceItIntoPrefix/Box/
    -rw------- pnico/pnico            258 2010-12-10 08:37 TreePrefix/Deep/Deeper/EvenDeeper/WayFarDown/ItsDarkDownHere/WheresMyFlashlight/ThePlace/OneMoreLevelToForceItIntoPrefix/Box/Treasure-3
    -rw------- pnico/pnico            347 2010-12-10 08:37 TreePrefix/Deep/Deeper/EvenDeeper/WayFarDown/ItsDarkDownHere/WheresMyFlashlight/ThePlace/OneMoreLevelToForceItIntoPrefix/Box/Treasure-7
    -rw------- pnico/pnico            172 2010-12-10 08:37 TreePrefix/Deep/Deeper/EvenDeeper/WayFarDown/ItsDarkDownHere/WheresMyFlashlight/ThePlace/OneMoreLevelToForceItIntoPrefix/Box/Treasure-2
    -rw------- pnico/pnico            321 2010-12-10 08:37 TreePrefix/Deep/Deeper/EvenDeeper/WayFarDown/ItsDarkDownHere/WheresMyFlashlight/ThePlace/OneMoreLevelToForceItIntoPrefix/Box/Treasure-9
    -rw------- pnico/pnico            431 2010-12-10 08:37 TreePrefix/Deep/Deeper/EvenDeeper/WayFarDown/ItsDarkDownHere/WheresMyFlashlight/ThePlace/OneMoreLevelToForceItIntoPrefix/Box/Treasure-4
    -rw------- pnico/pnico            239 2010-12-10 08:37 TreePrefix/Deep/Deeper/EvenDeeper/WayFarDown/ItsDarkDownHere/WheresMyFlashlight/ThePlace/OneMoreLevelToForceItIntoPrefix/Box/Treasure-8
    -rw------- pnico/pnico            254 2010-12-10 08:37 TreePrefix/Deep/Deeper/EvenDeeper/WayFarDown/ItsDarkDownHere/WheresMyFlashlight/ThePlace/OneMoreLevelToForceItIntoPrefix/Box/Treasure-0
    -rw------- pnico/pnico            724 2010-12-10 08:37 TreePrefix/Deep/Deeper/EvenDeeper/WayFarDown/ItsDarkDownHere/WheresMyFlashlight/ThePlace/OneMoreLevelToForceItIntoPrefix/Box/Treasure-1
    -rw------- pnico/pnico            179 2010-12-10 08:37 TreePrefix/Deep/Deeper/EvenDeeper/WayFarDown/ItsDarkDownHere/WheresMyFlashlight/ThePlace/OneMoreLevelToForceItIntoPrefix/Box/Treasure-5
    -rw------- pnico/pnico            164 2010-12-10 08:37 TreePrefix/Deep/Deeper/EvenDeeper/WayFarDown/ItsDarkDownHere/WheresMyFlashlight/ThePlace/OneMoreLevelToForceItIntoPrefix/Box/Treasure-6
  --------------------------
  --------------------------
  Submitted's stderr:
  --------------------------

==========================================
27) Listing test: List a deep tree, named, prefix  (ok)
==========================================
  --------------------------
  Submitted's stdout:
    TreePrefix/Deep/Deeper/EvenDeeper/WayFarDown/ItsDarkDownHere/WheresMyFlashlight/ThePlace/OneMoreLevelToForceItIntoPrefix/Box/Treasure-2
    TreePrefix/Deep/Deeper/EvenDeeper/WayFarDown/ItsDarkDownHere/WheresMyFlashlight/ThePlace/OneMoreLevelToForceItIntoPrefix/Box/Treasure-4
  --------------------------
  --------------------------
  Submitted's stderr:
  --------------------------

==========================================
28) Listing test: List a deep tree, prefix, named, verbose  (ok)
==========================================
  --------------------------
  Submitted's stdout:
    -rw------- pnico/pnico             1722010-12-10 08:37TreePrefix/Deep/Deeper/EvenDeeper/WayFarDown/ItsDarkDownHere/WheresMyFlashlight/ThePlace/OneMoreLevelToForceItIntoPrefix/Box/Treasure-2
    -rw------- pnico/pnico             4312010-12-10 08:37TreePrefix/Deep/Deeper/EvenDeeper/WayFarDown/ItsDarkDownHere/WheresMyFlashlight/ThePlace/OneMoreLevelToForceItIntoPrefix/Box/Treasure-4
  --------------------------
  --------------------------
  Submitted's stderr:
  --------------------------

==========================================
29) Listing test: Named subtree, no prefix  (ok)
==========================================
  --------------------------
  Submitted's stdout:
    TreeNoPrefix/Deep/Deeper/EvenDeeper/WayFarDown/
    TreeNoPrefix/Deep/Deeper/EvenDeeper/WayFarDown/FarDownFile-2
    TreeNoPrefix/Deep/Deeper/EvenDeeper/WayFarDown/FarDownFile-12
    TreeNoPrefix/Deep/Deeper/EvenDeeper/WayFarDown/FarDownFile-9
    TreeNoPrefix/Deep/Deeper/EvenDeeper/WayFarDown/FarDownFile-10
    TreeNoPrefix/Deep/Deeper/EvenDeeper/WayFarDown/FarDownFile-14
    TreeNoPrefix/Deep/Deeper/EvenDeeper/WayFarDown/FarDownFile-8
    TreeNoPrefix/Deep/Deeper/EvenDeeper/WayFarDown/FarDownFile-11
    TreeNoPrefix/Deep/Deeper/EvenDeeper/WayFarDown/FarDownFile-5
    TreeNoPrefix/Deep/Deeper/EvenDeeper/WayFarDown/FarDownFile-1
    TreeNoPrefix/Deep/Deeper/EvenDeeper/WayFarDown/FarDownFile-4
    TreeNoPrefix/Deep/Deeper/EvenDeeper/WayFarDown/FarDownFile-13
    TreeNoPrefix/Deep/Deeper/EvenDeeper/WayFarDown/FarDownFile-15
    TreeNoPrefix/Deep/Deeper/EvenDeeper/WayFarDown/FarDownFile-3
    TreeNoPrefix/Deep/Deeper/EvenDeeper/WayFarDown/FarDownFile-6
    TreeNoPrefix/Deep/Deeper/EvenDeeper/WayFarDown/FarDownFile-7
    TreeNoPrefix/Deep/Deeper/EvenDeeper/WayFarDown/ItsDarkDownHere/
    TreeNoPrefix/Deep/Deeper/EvenDeeper/WayFarDown/ItsDarkDownHere/WheresMyFlashlight/
    TreeNoPrefix/Deep/Deeper/EvenDeeper/WayFarDown/ItsDarkDownHere/WheresMyFlashlight/ThePlace/
    TreeNoPrefix/Deep/Deeper/EvenDeeper/WayFarDown/ItsDarkDownHere/WheresMyFlashlight/ThePlace/UnTermtd5
    TreeNoPrefix/Deep/Deeper/EvenDeeper/WayFarDown/ItsDarkDownHere/WheresMyFlashlight/ThePlace/UnTermtd9
    TreeNoPrefix/Deep/Deeper/EvenDeeper/WayFarDown/ItsDarkDownHere/WheresMyFlashlight/ThePlace/UnTermtd4
    TreeNoPrefix/Deep/Deeper/EvenDeeper/WayFarDown/ItsDarkDownHere/WheresMyFlashlight/ThePlace/UnTermtd2
    TreeNoPrefix/Deep/Deeper/EvenDeeper/WayFarDown/ItsDarkDownHere/WheresMyFlashlight/ThePlace/UnTermtd3
    TreeNoPrefix/Deep/Deeper/EvenDeeper/WayFarDown/ItsDarkDownHere/WheresMyFlashlight/ThePlace/UnTermtd8
    TreeNoPrefix/Deep/Deeper/EvenDeeper/WayFarDown/ItsDarkDownHere/WheresMyFlashlight/ThePlace/UnTermtd6
    TreeNoPrefix/Deep/Deeper/EvenDeeper/WayFarDown/ItsDarkDownHere/WheresMyFlashlight/ThePlace/UnTermtd0
    TreeNoPrefix/Deep/Deeper/EvenDeeper/WayFarDown/ItsDarkDownHere/WheresMyFlashlight/ThePlace/UnTermtd7
    TreeNoPrefix/Deep/Deeper/EvenDeeper/WayFarDown/ItsDarkDownHere/WheresMyFlashlight/ThePlace/UnTermtd1
  --------------------------
  --------------------------
  Submitted's stderr:
  --------------------------

==========================================
30) Listing test: Named subtree, no prefix, verbose  (ok)
==========================================
  --------------------------
  Submitted's stdout:
    drwx------ pnico/pnico               02010-12-10 08:33TreeNoPrefix/Deep/Deeper/EvenDeeper/WayFarDown/
    -r-------- pnico/pnico             5062010-12-10 08:33TreeNoPrefix/Deep/Deeper/EvenDeeper/WayFarDown/FarDownFile-2
    -rw------- pnico/pnico           171062010-12-10 08:33TreeNoPrefix/Deep/Deeper/EvenDeeper/WayFarDown/FarDownFile-12
    -rw------- pnico/pnico            10562010-12-10 08:33TreeNoPrefix/Deep/Deeper/EvenDeeper/WayFarDown/FarDownFile-9
    -r-------- pnico/pnico            26432010-12-10 08:33TreeNoPrefix/Deep/Deeper/EvenDeeper/WayFarDown/FarDownFile-10
    -rw------- pnico/pnico             7582010-12-10 08:33TreeNoPrefix/Deep/Deeper/EvenDeeper/WayFarDown/FarDownFile-14
    -rw------- pnico/pnico            38382010-12-10 08:33TreeNoPrefix/Deep/Deeper/EvenDeeper/WayFarDown/FarDownFile-8
    -r-------- pnico/pnico             1882010-12-10 08:33TreeNoPrefix/Deep/Deeper/EvenDeeper/WayFarDown/FarDownFile-11
    -rw------- pnico/pnico           137562010-12-10 08:33TreeNoPrefix/Deep/Deeper/EvenDeeper/WayFarDown/FarDownFile-5
    -r-------- pnico/pnico            26602010-12-10 08:33TreeNoPrefix/Deep/Deeper/EvenDeeper/WayFarDown/FarDownFile-1
    -r-------- pnico/pnico             1402010-12-10 08:33TreeNoPrefix/Deep/Deeper/EvenDeeper/WayFarDown/FarDownFile-4
    -rw------- pnico/pnico            20452010-12-10 08:33TreeNoPrefix/Deep/Deeper/EvenDeeper/WayFarDown/FarDownFile-13
    -r-------- pnico/pnico             3362010-12-10 08:33TreeNoPrefix/Deep/Deeper/EvenDeeper/WayFarDown/FarDownFile-15
    -rw------- pnico/pnico            16972010-12-10 08:33TreeNoPrefix/Deep/Deeper/EvenDeeper/WayFarDown/FarDownFile-3
    -rw------- pnico/pnico            12932010-12-10 08:33TreeNoPrefix/Deep/Deeper/EvenDeeper/WayFarDown/FarDownFile-6
    -rw------- pnico/pnico            22692010-12-10 08:33TreeNoPrefix/Deep/Deeper/EvenDeeper/WayFarDown/FarDownFile-7
    drwx------ pnico/pnico               02010-12-10 08:29TreeNoPrefix/Deep/Deeper/EvenDeeper/WayFarDown/ItsDarkDownHere/
    drwx------ pnico/pnico               02010-12-10 08:29TreeNoPrefix/Deep/Deeper/EvenDeeper/WayFarDown/ItsDarkDownHere/WheresMyFlashlight/
    drwx------ pnico/pnico               02010-12-10 11:17TreeNoPrefix/Deep/Deeper/EvenDeeper/WayFarDown/ItsDarkDownHere/WheresMyFlashlight/ThePlace/
    -rw------- pnico/pnico             1792010-12-10 08:31TreeNoPrefix/Deep/Deeper/EvenDeeper/WayFarDown/ItsDarkDownHere/WheresMyFlashlight/ThePlace/UnTermtd5
    -rw------- pnico/pnico             3212010-12-10 08:31TreeNoPrefix/Deep/Deeper/EvenDeeper/WayFarDown/ItsDarkDownHere/WheresMyFlashlight/ThePlace/UnTermtd9
    -rw------- pnico/pnico             4312010-12-10 08:31TreeNoPrefix/Deep/Deeper/EvenDeeper/WayFarDown/ItsDarkDownHere/WheresMyFlashlight/ThePlace/UnTermtd4
    -rw------- pnico/pnico             1722010-12-10 08:31TreeNoPrefix/Deep/Deeper/EvenDeeper/WayFarDown/ItsDarkDownHere/WheresMyFlashlight/ThePlace/UnTermtd2
    -rw------- pnico/pnico             2582010-12-10 08:31TreeNoPrefix/Deep/Deeper/EvenDeeper/WayFarDown/ItsDarkDownHere/WheresMyFlashlight/ThePlace/UnTermtd3
    -rw------- pnico/pnico             2392010-12-10 08:31TreeNoPrefix/Deep/Deeper/EvenDeeper/WayFarDown/ItsDarkDownHere/WheresMyFlashlight/ThePlace/UnTermtd8
    -rw------- pnico/pnico             1642010-12-10 08:31TreeNoPrefix/Deep/Deeper/EvenDeeper/WayFarDown/ItsDarkDownHere/WheresMyFlashlight/ThePlace/UnTermtd6
    -rw------- pnico/pnico             2542010-12-10 08:31TreeNoPrefix/Deep/Deeper/EvenDeeper/WayFarDown/ItsDarkDownHere/WheresMyFlashlight/ThePlace/UnTermtd0
    -rw------- pnico/pnico             3472010-12-10 08:31TreeNoPrefix/Deep/Deeper/EvenDeeper/WayFarDown/ItsDarkDownHere/WheresMyFlashlight/ThePlace/UnTermtd7
    -rw------- pnico/pnico             7242010-12-10 08:31TreeNoPrefix/Deep/Deeper/EvenDeeper/WayFarDown/ItsDarkDownHere/WheresMyFlashlight/ThePlace/UnTermtd1
  --------------------------
  --------------------------
  Submitted's stderr:
  --------------------------

==========================================
31) Listing test: Shallow Tree w/symlink  (ok)
==========================================
  --------------------------
  Submitted's stdout:
    TreeWithLinks/
    TreeWithLinks/LinkToTargetFile
    TreeWithLinks/TargetFile
  --------------------------
  --------------------------
  Submitted's stderr:
  --------------------------

==========================================
32) Listing test: Shallow Tree w/symlink, verbose  (ok)
==========================================
  --------------------------
  Submitted's stdout:
    drwx------ pnico/pnico              0 2010-12-10 11:49 TreeWithLinks/
    lrwxrwxrwx pnico/pnico              0 2010-12-10 11:49 TreeWithLinks/LinkToTargetFile
    -rw------- pnico/pnico          24406 2010-12-10 11:49 TreeWithLinks/TargetFile
  --------------------------
  --------------------------
  Submitted's stderr:
  --------------------------

==========================================
33) Listing test: Shallow Tree w/different permissions  (ok)
==========================================
  --------------------------
  Submitted's stdout:
    TreeWithPerms/
    TreeWithPerms/File_555
    TreeWithPerms/File_644
  --------------------------
  --------------------------
  Submitted's stderr:
  --------------------------

==========================================
34) Listing test: Shallow Tree w/different permissions, verbose  (ok)
==========================================
  --------------------------
  Submitted's stdout:
    drwx------ pnico/pnico              0 2010-12-10 11:51 TreeWithPerms/
    -r-xr-xr-x pnico/pnico             70 2010-12-10 11:51 TreeWithPerms/File_555
    -rw-r--r-- pnico/pnico            244 2010-12-10 11:51 TreeWithPerms/File_644
  --------------------------
  --------------------------
  Submitted's stderr:
  --------------------------

==========================================
35) Extraction test: single text file, non-verbose  (ok)
==========================================
  --------------------------
  Submitted's stdout:
    0
    1024
  --------------------------

==========================================
36) Extraction test: single binary file, non-verbose  (ok)
==========================================
  --------------------------
  Submitted's stdout:
    0
    1024
  --------------------------

==========================================
37) Extraction test: Two files in archive, non-verbose  (ok)
==========================================
  --------------------------
  Submitted's stdout:
    0
    1024
    0
    285184
  --------------------------

==========================================
38) Extraction test: Two files in archive, one named, non-verbose  (ok)
==========================================
  --------------------------
  Submitted's stdout:
    285184
  --------------------------

==========================================
39) Extraction test: List a deep tree, no prefix  (ok)
==========================================
  --------------------------
  Submitted's stdout:
    5
    5
    5
    5
    5
    5
    5
    5
    5
    5
    5
    5
    5
    5
    5
    5
    5
    0
    9728
    0
    27648
    0
    29696
    0
    33280
    0
    34816
    0
    39424
    0
    40448
    0
    54784
    0
    58368
    0
    59392
    0
    61952
    0
    62976
    0
    65536
    0
    67584
    0
    70656
    5
    5
    5
    0
    73216
    0
    74240
    0
    75264
    0
    76288
    0
    77312
    0
    78336
    0
    79360
    0
    80384
    0
    81408
    0
    82944
  --------------------------

==========================================
40) Extraction test: List named files, no prefix  (ok)
==========================================
  --------------------------
  Submitted's stdout:
    67584
    61952
  --------------------------

==========================================
41) Extraction test: List a deep tree, prefix  (ok)
==========================================
  --------------------------
  Submitted's stdout:
    5
    5
    5
    5
    5
    5
    5
    5
    5
    5
    5
    5
    5
    5
    5
    5
    5
    0
    9728
    0
    27648
    0
    29696
    0
    33280
    0
    34816
    0
    39424
    0
    40448
    0
    54784
    0
    58368
    0
    59392
    0
    61952
    0
    62976
    0
    65536
    0
    67584
    0
    70656
    5
    5
    5
    5
    5
    0
    74240
    0
    75264
    0
    76288
    0
    77312
    0
    78336
    0
    79360
    0
    80384
    0
    81920
    0
    82944
    0
    83968
  --------------------------

==========================================
42) Extraction test: List a deep tree, named, prefix  (ok)
==========================================
  --------------------------
  Submitted's stdout:
    78336
    76288
  --------------------------

==========================================
43) Extraction test: Named subtree, no prefix  (ok)
==========================================
  --------------------------
  Submitted's stdout:
    9728
    27648
    29696
    33280
    34816
    39424
    40448
    54784
    58368
    59392
    61952
    62976
    65536
    67584
    70656
    73216
    74240
    75264
    76288
    77312
    78336
    79360
    80384
    81408
    82944
  --------------------------

==========================================
44) Extraction test: Shallow Tree w/symlink  (ok)
==========================================
  --------------------------
  Submitted's stdout:
    5
    2
    777
    0
    26112
  --------------------------

==========================================
45) Extraction test: Shallow Tree w/different permissions  (ok)
==========================================
  --------------------------
  Submitted's stdout:
    5
    0
    1536
    0
    2560
  --------------------------
